[debug] [2026-03-04T21:34:33.279Z] ----------------------------------------------------------------------
[debug] [2026-03-04T21:34:33.281Z] Command:       C:\nvm4w\nodejs\node.exe C:\Users\Jason Lee Avery\AppData\Roaming\npm\node_modules\firebase-tools\lib\bin\firebase.js init
[debug] [2026-03-04T21:34:33.281Z] CLI Version:   15.8.0
[debug] [2026-03-04T21:34:33.282Z] Platform:      win32
[debug] [2026-03-04T21:34:33.282Z] Node Version:  v22.18.0
[debug] [2026-03-04T21:34:33.282Z] Time:          Wed Mar 04 2026 14:34:33 GMT-0700 (Mountain Standard Time)
[debug] [2026-03-04T21:34:33.282Z] ----------------------------------------------------------------------
[debug] 
[info] 
     ######## #### ########  ######## ########     ###     ######  ########
     ##        ##  ##     ## ##       ##     ##  ##   ##  ##       ##
     ######    ##  ########  ######   ########  #########  ######  ######
     ##        ##  ##    ##  ##       ##     ## ##     ##       ## ##
     ##       #### ##     ## ######## ########  ##     ##  ######  ########

You're about to initialize a Firebase project in this directory:

  C:\Users\Jason Lee Avery\_repos\averyos.com-runtime

[debug] [2026-03-04T21:34:52.843Z] ExitPromptError: User force closed the prompt with SIGINT
    at Interface.sigint (C:\Users\Jason Lee Avery\AppData\Roaming\npm\node_modules\firebase-tools\node_modules\@inquirer\core\dist\commonjs\lib\create-prompt.js:101:37)
    at Interface.emit (node:events:518:28)
    at [_ttyWrite] [as _ttyWrite] (node:internal/readline/interface:1132:18)
    at ReadStream.onkeypress (node:internal/readline/interface:271:20)
    at ReadStream.emit (node:events:530:35)
    at emitKeys (node:internal/readline/utils:370:14)
    at emitKeys.next (<anonymous>)
    at ReadStream.onData (node:internal/readline/emitKeypressEvents:64:36)
    at ReadStream.emit (node:events:518:28)
    at addChunk (node:internal/streams/readable:561:12)
[error] 
[error] Error: An unexpected error has occurred.
[debug] [2026-03-04T21:48:11.801Z] ----------------------------------------------------------------------
[debug] [2026-03-04T21:48:11.804Z] Command:       C:\nvm4w\nodejs\node.exe C:\Users\Jason Lee Avery\AppData\Roaming\npm\node_modules\firebase-tools\lib\bin\firebase.js init
[debug] [2026-03-04T21:48:11.804Z] CLI Version:   15.8.0
[debug] [2026-03-04T21:48:11.804Z] Platform:      win32
[debug] [2026-03-04T21:48:11.804Z] Node Version:  v22.18.0
[debug] [2026-03-04T21:48:11.805Z] Time:          Wed Mar 04 2026 14:48:11 GMT-0700 (Mountain Standard Time)
[debug] [2026-03-04T21:48:11.805Z] ----------------------------------------------------------------------
[debug] 
[info] 
     ######## #### ########  ######## ########     ###     ######  ########
     ##        ##  ##     ## ##       ##     ##  ##   ##  ##       ##
     ######    ##  ########  ######   ########  #########  ######  ######
     ##        ##  ##    ##  ##       ##     ## ##     ##       ## ##
     ##       #### ##     ## ######## ########  ##     ##  ######  ########

You're about to initialize a Firebase project in this directory:

  C:\Users\Jason Lee Avery\_repos\averyos.com-runtime

[info] 
=== Project Setup
[info] 
[info] First, let's associate this project directory with a Firebase project.
[info] You can create multiple project aliases by running firebase use --add, 
[info] 
[debug] [2026-03-04T21:49:44.621Z] > command requires scopes: ["email","openid","https://www.googleapis.com/auth/cloudplatformprojects.readonly","https://www.googleapis.com/auth/firebase","https://www.googleapis.com/auth/cloud-platform"]
[debug] [2026-03-04T21:49:44.622Z] > authorizing via signed-in user (averyjl@gmail.com)
[debug] [2026-03-04T21:49:44.623Z] Checked if tokens are valid: true, expires at: 1772663068038
[debug] [2026-03-04T21:49:44.623Z] Checked if tokens are valid: true, expires at: 1772663068038
[debug] [2026-03-04T21:49:44.624Z] >>> [apiv2][query] GET https://firebase.googleapis.com/v1beta1/projects pageSize=100
[debug] [2026-03-04T21:49:45.026Z] <<< [apiv2][status] GET https://firebase.googleapis.com/v1beta1/projects 200
[debug] [2026-03-04T21:49:45.026Z] <<< [apiv2][body] GET https://firebase.googleapis.com/v1beta1/projects [omitted]
[info] 
=== Dataconnect Setup
[info] i  dataconnect: ensuring required API firebasedataconnect.googleapis.com is enabled... 
[debug] [2026-03-04T21:50:20.912Z] Checked if tokens are valid: true, expires at: 1772663068038
[debug] [2026-03-04T21:50:20.912Z] Checked if tokens are valid: true, expires at: 1772663068038
[info] i  dataconnect: ensuring required API sqladmin.googleapis.com is enabled... 
[debug] [2026-03-04T21:50:20.912Z] Checked if tokens are valid: true, expires at: 1772663068038
[debug] [2026-03-04T21:50:20.913Z] Checked if tokens are valid: true, expires at: 1772663068038
[debug] [2026-03-04T21:50:20.913Z] >>> [apiv2][query] GET https://serviceusage.googleapis.com/v1/projects/studio-1684414389-a98c9/services/firebasedataconnect.googleapis.com [none]
[debug] [2026-03-04T21:50:20.913Z] >>> [apiv2][(partial)header] GET https://serviceusage.googleapis.com/v1/projects/studio-1684414389-a98c9/services/firebasedataconnect.googleapis.com  x-goog-user-project=studio-1684414389-a98c9
[debug] [2026-03-04T21:50:20.914Z] >>> [apiv2][query] GET https://serviceusage.googleapis.com/v1/projects/studio-1684414389-a98c9/services/sqladmin.googleapis.com [none]
[debug] [2026-03-04T21:50:20.914Z] >>> [apiv2][(partial)header] GET https://serviceusage.googleapis.com/v1/projects/studio-1684414389-a98c9/services/sqladmin.googleapis.com  x-goog-user-project=studio-1684414389-a98c9
[debug] [2026-03-04T21:50:21.222Z] <<< [apiv2][status] GET https://serviceusage.googleapis.com/v1/projects/studio-1684414389-a98c9/services/firebasedataconnect.googleapis.com 200
[debug] [2026-03-04T21:50:21.222Z] <<< [apiv2][body] GET https://serviceusage.googleapis.com/v1/projects/studio-1684414389-a98c9/services/firebasedataconnect.googleapis.com [omitted]
[warn] !  dataconnect: missing required API firebasedataconnect.googleapis.com. Enabling now... 
[debug] [2026-03-04T21:50:21.223Z] Checked if tokens are valid: true, expires at: 1772663068038
[debug] [2026-03-04T21:50:21.223Z] Checked if tokens are valid: true, expires at: 1772663068038
[debug] [2026-03-04T21:50:21.223Z] >>> [apiv2][query] POST https://serviceusage.googleapis.com/v1/projects/studio-1684414389-a98c9/services/firebasedataconnect.googleapis.com:enable [none]
[debug] [2026-03-04T21:50:21.223Z] >>> [apiv2][(partial)header] POST https://serviceusage.googleapis.com/v1/projects/studio-1684414389-a98c9/services/firebasedataconnect.googleapis.com:enable  x-goog-user-project=studio-1684414389-a98c9
[debug] [2026-03-04T21:50:21.233Z] <<< [apiv2][status] GET https://serviceusage.googleapis.com/v1/projects/studio-1684414389-a98c9/services/sqladmin.googleapis.com 200
[debug] [2026-03-04T21:50:21.233Z] <<< [apiv2][body] GET https://serviceusage.googleapis.com/v1/projects/studio-1684414389-a98c9/services/sqladmin.googleapis.com [omitted]
[warn] !  dataconnect: missing required API sqladmin.googleapis.com. Enabling now... 
[debug] [2026-03-04T21:50:21.233Z] Checked if tokens are valid: true, expires at: 1772663068038
[debug] [2026-03-04T21:50:21.234Z] Checked if tokens are valid: true, expires at: 1772663068038
[debug] [2026-03-04T21:50:21.234Z] >>> [apiv2][query] POST https://serviceusage.googleapis.com/v1/projects/studio-1684414389-a98c9/services/sqladmin.googleapis.com:enable [none]
[debug] [2026-03-04T21:50:21.234Z] >>> [apiv2][(partial)header] POST https://serviceusage.googleapis.com/v1/projects/studio-1684414389-a98c9/services/sqladmin.googleapis.com:enable  x-goog-user-project=studio-1684414389-a98c9
[debug] [2026-03-04T21:50:21.447Z] <<< [apiv2][status] POST https://serviceusage.googleapis.com/v1/projects/studio-1684414389-a98c9/services/firebasedataconnect.googleapis.com:enable 200
[debug] [2026-03-04T21:50:21.447Z] <<< [apiv2][body] POST https://serviceusage.googleapis.com/v1/projects/studio-1684414389-a98c9/services/firebasedataconnect.googleapis.com:enable [omitted]
[debug] [2026-03-04T21:50:21.546Z] <<< [apiv2][status] POST https://serviceusage.googleapis.com/v1/projects/studio-1684414389-a98c9/services/sqladmin.googleapis.com:enable 200
[debug] [2026-03-04T21:50:21.546Z] <<< [apiv2][body] POST https://serviceusage.googleapis.com/v1/projects/studio-1684414389-a98c9/services/sqladmin.googleapis.com:enable [omitted]
[debug] [2026-03-04T21:50:31.566Z] Checked if tokens are valid: true, expires at: 1772663068038
[debug] [2026-03-04T21:50:31.566Z] Checked if tokens are valid: true, expires at: 1772663068038
[debug] [2026-03-04T21:50:31.566Z] >>> [apiv2][query] GET https://firebasedataconnect.googleapis.com/v1/projects/studio-1684414389-a98c9/locations/-/services [none]
[debug] [2026-03-04T21:50:32.115Z] <<< [apiv2][status] GET https://firebasedataconnect.googleapis.com/v1/projects/studio-1684414389-a98c9/locations/-/services 200
[debug] [2026-03-04T21:50:32.115Z] <<< [apiv2][body] GET https://firebasedataconnect.googleapis.com/v1/projects/studio-1684414389-a98c9/locations/-/services {}
